<?xml version="1.0" encoding="UTF-8"?>
<!-- Generated by org.testng.reporters.JUnitReportReporter -->
<testsuite hostname="Manasa" failures="0" tests="1" name="practice.testng.ActivateSim" time="0.013" errors="0" timestamp="2025-03-27T13:33:25 IST" skipped="0">
  <testcase classname="practice.testng.ActivateSim" name="activatesim" time="0.013"/>
</testsuite> <!-- practice.testng.ActivateSim -->
