<?xml version="1.0" encoding="UTF-8"?>
<!-- Generated by org.testng.reporters.JUnitReportReporter -->
<testsuite hostname="Manasa" failures="0" tests="2" name="com.package2.CreateOrgTest" time="0.012" errors="0" timestamp="2025-03-24T14:56:25 IST" skipped="0">
  <testcase classname="com.package2.CreateOrgTest" name="CreateOrg" time="0.009"/>
  <testcase classname="com.package2.CreateOrgTest" name="CreateOrgwithIndustry" time="0.003"/>
</testsuite> <!-- com.package2.CreateOrgTest -->
