<?xml version="1.0" encoding="UTF-8"?>
<!-- Generated by org.testng.reporters.JUnitReportReporter -->
<testsuite hostname="Manasa" failures="0" tests="2" name="com.package1.CreateContactTest" time="0.005" errors="0" timestamp="2025-03-24T14:56:25 IST" skipped="0">
  <testcase classname="com.package1.CreateContactTest" name="createContactWithDate" time="0.003"/>
  <testcase classname="com.package1.CreateContactTest" name="CreateContact" time="0.002"/>
</testsuite> <!-- com.package1.CreateContactTest -->
