<?xml version="1.0" encoding="UTF-8"?>
<!-- Generated by org.testng.reporters.JUnitReportReporter -->
<testsuite hostname="Manasa" failures="0" tests="1" name="com.comcast.crm.contacttest.CreateContactTest" time="37.231" errors="0" timestamp="2025-04-02T17:54:57 IST" skipped="0">
  <testcase classname="com.comcast.crm.contacttest.CreateContactTest" name="createContactWithSupportDateTest" time="37.231"/>
</testsuite> <!-- com.comcast.crm.contacttest.CreateContactTest -->
