<?xml version="1.0" encoding="UTF-8"?>
<!-- Generated by org.testng.reporters.JUnitReportReporter -->
<testsuite hostname="Manasa" failures="0" tests="2" name="practice.testng.invoiceTest" time="14.993" errors="0" timestamp="2025-04-09T13:10:52 IST" skipped="0">
  <testcase classname="practice.testng.invoiceTest" name="createInvoiceTest" time="7.204"/>
  <testcase classname="practice.testng.invoiceTest" name="createInvoiceWithContactTest" time="7.789"/>
</testsuite> <!-- practice.testng.invoiceTest -->
