<?xml version="1.0" encoding="UTF-8"?>
<!-- Generated by org.testng.reporters.JUnitReportReporter -->
<testsuite hostname="Manasa" failures="0" tests="1" name="practice.testng.SearchContactTest" time="7.915" errors="0" timestamp="2025-04-09T13:22:53 IST" skipped="0">
  <testcase classname="practice.testng.SearchContactTest" name="searchcontactTest" time="7.915"/>
</testsuite> <!-- practice.testng.SearchContactTest -->
