<?xml version="1.0" encoding="UTF-8"?>
<!-- Generated by org.testng.reporters.JUnitReportReporter -->
<testsuite hostname="Manasa" failures="0" tests="1" name="practice.testng.SampleReportWithScreenshotTest" time="4.127" errors="0" timestamp="2025-03-27T17:43:10 IST" skipped="0">
  <testcase classname="practice.testng.SampleReportWithScreenshotTest" name="createContactTest" time="4.127"/>
</testsuite> <!-- practice.testng.SampleReportWithScreenshotTest -->
