<?xml version="1.0" encoding="UTF-8"?>
<!-- Generated by org.testng.reporters.JUnitReportReporter -->
<testsuite hostname="Manasa" failures="0" tests="3" name="com.comcast.crm.orgtest.CreateOrganizationTest" time="168.331" errors="0" timestamp="2025-04-02T15:32:02 IST" skipped="0">
  <testcase classname="com.comcast.crm.orgtest.CreateOrganizationTest" name="createOrganizationTest" time="76.550"/>
  <testcase classname="com.comcast.crm.orgtest.CreateOrganizationTest" name="createOrganizationWithPhoneNumberTest" time="61.508"/>
  <testcase classname="com.comcast.crm.orgtest.CreateOrganizationTest" name="createOrganizationWithIndustriesTest" time="30.273"/>
</testsuite> <!-- com.comcast.crm.orgtest.CreateOrganizationTest -->
