<?xml version="1.0" encoding="UTF-8"?>
<!-- Generated by org.testng.reporters.JUnitReportReporter -->
<testsuite hostname="Manasa" failures="0" tests="3" name="practice.testng.GetproductinfoTest" time="42.229" errors="0" timestamp="2025-03-24T10:19:24 IST" skipped="0">
  <testcase classname="practice.testng.GetproductinfoTest" name="getProductInfoTest" time="16.741"/>
  <testcase classname="practice.testng.GetproductinfoTest" name="getProductInfoTest" time="20.214"/>
  <testcase classname="practice.testng.GetproductinfoTest" name="getProductInfoTest" time="5.274"/>
</testsuite> <!-- practice.testng.GetproductinfoTest -->
